Arguments: 
  C:\Program Files\nodejs\node.exe C:\Program Files (x86)\Yarn\bin\yarn.js add mongoose@latest

PATH: 
  C:\Program Files\Common Files\Oracle\Java\javapath;C:\Program Files (x86)\Common Files\Oracle\Java\javapath;C:\Python310\Scripts\;C:\Python310\;C:\Windows\system32;C:\Windows;C:\Windows\System32\Wbem;C:\Windows\System32\WindowsPowerShell\v1.0\;C:\Windows\System32\OpenSSH\;C:\ProgramData\chocolatey\bin;C:\Program Files\Git\cmd;C:\Program Files (x86)\Yarn\bin\;C:\Program Files (x86)\Microsoft SQL Server\160\Tools\Binn\;C:\Program Files\Microsoft SQL Server\160\Tools\Binn\;C:\Program Files\Microsoft SQL Server\Client SDK\ODBC\170\Tools\Binn\;C:\Program Files\Microsoft SQL Server\160\DTS\Binn\;C:\Program Files\Azure Data Studio\bin;C:\Users\PC\AppData\Roaming\nvm;C:\Program Files\nodejs;C:\Program Files\MongoDB\Server\6.0\bin\mongod.exe;C:\Users\PC\AppData\Local\Microsoft\WindowsApps;C:\Program Files\heroku\bin;C:\Users\PC\scrcpy-win64-v1.23;C:\ffmpeg\bin;C:\Users\PC\AppData\Local\Yarn\bin;C:\Users\PC\AppData\Local\Programs\Microsoft VS Code\bin;C:\Program Files\Azure Data Studio\bin;C:\Users\PC\AppData\Roaming\npm;C:\Users\PC\AppData\Roaming\nvm;C:\Program Files\nodejs

Yarn version: 
  1.22.19

Node version: 
  22.1.0

Platform: 
  win32 x64

Trace: 
  Error: https://registry.yarnpkg.com/google-auth-library/-/google-auth-library-9.10.0.tgz: ESOCKETTIMEDOUT
      at ClientRequest.<anonymous> (C:\Program Files (x86)\Yarn\lib\cli.js:141517:19)
      at Object.onceWrapper (node:events:634:28)
      at ClientRequest.emit (node:events:520:28)
      at TLSSocket.emitRequestTimeout (node:_http_client:847:9)
      at Object.onceWrapper (node:events:634:28)
      at TLSSocket.emit (node:events:532:35)
      at Socket._onTimeout (node:net:590:8)
      at listOnTimeout (node:internal/timers:573:17)
      at process.processTimers (node:internal/timers:514:7)

npm manifest: 
  {
    "name": "Academify",
    "version": "1.0.0",
    "description": "server support for Academify",
    "main": "index.js",
    "scripts": {
      "start": "nodemon index.js"
    },
    "author": "Iloenyenwa Victor",
    "license": "ISC",
    "dependencies": {
      "@google-cloud/storage": "^5.16.0",
      "axios": "^1.6.5",
      "bcrypt": "^5.0.1",
      "cookie-parser": "^1.4.5",
      "cors": "^2.8.5",
      "dotenv": "^8.2.0",
      "express": "^4.17.1",
      "fluent-ffmpeg": "^2.1.2",
      "googleapis": "^133.0.0",
      "gridfs-stream": "^1.1.1",
      "jsonwebtoken": "^9.0.2",
      "mongoose": "^5.9.18",
      "multer": "^1.4.3",
      "multer-gridfs-storage": "^5.0.2",
      "nodemon": "^3.1.0",
      "readline": "^1.3.0",
      "sharp": "^0.33.2",
      "temp": "^0.9.4",
      "uuid": "^3.4.0"
    }
  }

yarn manifest: 
  No manifest

Lockfile: 
  No lockfile
